2021-02-06 14:16:26.895 DEBUG 14576 --- [HikariPool-1 housekeeper] com.zaxxer.hikari.pool.HikariPool        : HikariPool-1 - Pool stats (total=1, active=0, idle=1, waiting=0)
2021-02-06 14:16:26.897 DEBUG 14576 --- [HikariPool-1 housekeeper] com.zaxxer.hikari.pool.HikariPool        : HikariPool-1 - Fill pool skipped, pool is at sufficient level.
2021-02-06 14:16:56.040 DEBUG 14576 --- [HikariPool-1 connection closer] com.zaxxer.hikari.pool.PoolBase          : HikariPool-1 - Closing connection com.mysql.cj.jdbc.ConnectionImpl@1cffd765: (connection has passed maxLifetime)
2021-02-06 14:16:56.072 DEBUG 14576 --- [HikariPool-1 connection adder] com.zaxxer.hikari.pool.HikariPool        : HikariPool-1 - Added connection com.mysql.cj.jdbc.ConnectionImpl@4c95e25b
2021-02-06 14:16:56.905 DEBUG 14576 --- [HikariPool-1 housekeeper] com.zaxxer.hikari.pool.HikariPool        : HikariPool-1 - Pool stats (total=1, active=0, idle=1, waiting=0)
2021-02-06 14:16:56.905 DEBUG 14576 --- [HikariPool-1 housekeeper] com.zaxxer.hikari.pool.HikariPool        : HikariPool-1 - Fill pool skipped, pool is at sufficient level.
2021-02-06 14:17:26.907 DEBUG 14576 --- [HikariPool-1 housekeeper] com.zaxxer.hikari.pool.HikariPool        : HikariPool-1 - Pool stats (total=1, active=0, idle=1, waiting=0)
2021-02-06 14:17:26.908 DEBUG 14576 --- [HikariPool-1 housekeeper] com.zaxxer.hikari.pool.HikariPool        : HikariPool-1 - Fill pool skipped, pool is at sufficient level.
2021-02-06 14:17:55.531 DEBUG 14576 --- [HikariPool-1 connection closer] com.zaxxer.hikari.pool.PoolBase          : HikariPool-1 - Closing connection com.mysql.cj.jdbc.ConnectionImpl@4c95e25b: (connection has passed maxLifetime)
2021-02-06 14:17:55.557 DEBUG 14576 --- [HikariPool-1 connection adder] com.zaxxer.hikari.pool.HikariPool        : HikariPool-1 - Added connection com.mysql.cj.jdbc.ConnectionImpl@25a54ace
2021-02-06 14:17:56.913 DEBUG 14576 --- [HikariPool-1 housekeeper] com.zaxxer.hikari.pool.HikariPool        : HikariPool-1 - Pool stats (total=1, active=0, idle=1, waiting=0)
2021-02-06 14:17:56.913 DEBUG 14576 --- [HikariPool-1 housekeeper] com.zaxxer.hikari.pool.HikariPool        : HikariPool-1 - Fill pool skipped, pool is at sufficient level.
2021-02-06 14:18:26.914 DEBUG 14576 --- [HikariPool-1 housekeeper] com.zaxxer.hikari.pool.HikariPool        : HikariPool-1 - Pool stats (total=1, active=0, idle=1, waiting=0)
2021-02-06 14:18:26.914 DEBUG 14576 --- [HikariPool-1 housekeeper] com.zaxxer.hikari.pool.HikariPool        : HikariPool-1 - Fill pool skipped, pool is at sufficient level.
2021-02-06 14:18:54.661 DEBUG 14576 --- [HikariPool-1 connection closer] com.zaxxer.hikari.pool.PoolBase          : HikariPool-1 - Closing connection com.mysql.cj.jdbc.ConnectionImpl@25a54ace: (connection has passed maxLifetime)
2021-02-06 14:18:54.692 DEBUG 14576 --- [HikariPool-1 connection adder] com.zaxxer.hikari.pool.HikariPool        : HikariPool-1 - Added connection com.mysql.cj.jdbc.ConnectionImpl@1976805b
2021-02-06 14:18:56.917 DEBUG 14576 --- [HikariPool-1 housekeeper] com.zaxxer.hikari.pool.HikariPool        : HikariPool-1 - Pool stats (total=1, active=0, idle=1, waiting=0)
2021-02-06 14:18:56.917 DEBUG 14576 --- [HikariPool-1 housekeeper] com.zaxxer.hikari.pool.HikariPool        : HikariPool-1 - Fill pool skipped, pool is at sufficient level.
2021-02-06 14:19:26.927 DEBUG 14576 --- [HikariPool-1 housekeeper] com.zaxxer.hikari.pool.HikariPool        : HikariPool-1 - Pool stats (total=1, active=0, idle=1, waiting=0)
2021-02-06 14:19:26.927 DEBUG 14576 --- [HikariPool-1 housekeeper] com.zaxxer.hikari.pool.HikariPool        : HikariPool-1 - Fill pool skipped, pool is at sufficient level.
2021-02-06 14:19:54.192 DEBUG 14576 --- [HikariPool-1 connection closer] com.zaxxer.hikari.pool.PoolBase          : HikariPool-1 - Closing connection com.mysql.cj.jdbc.ConnectionImpl@1976805b: (connection has passed maxLifetime)
2021-02-06 14:19:54.216 DEBUG 14576 --- [HikariPool-1 connection adder] com.zaxxer.hikari.pool.HikariPool        : HikariPool-1 - Added connection com.mysql.cj.jdbc.ConnectionImpl@5f45fba0
2021-02-06 14:19:56.937 DEBUG 14576 --- [HikariPool-1 housekeeper] com.zaxxer.hikari.pool.HikariPool        : HikariPool-1 - Pool stats (total=1, active=0, idle=1, waiting=0)
2021-02-06 14:19:56.937 DEBUG 14576 --- [HikariPool-1 housekeeper] com.zaxxer.hikari.pool.HikariPool        : HikariPool-1 - Fill pool skipped, pool is at sufficient level.
2021-02-06 14:20:26.949 DEBUG 14576 --- [HikariPool-1 housekeeper] com.zaxxer.hikari.pool.HikariPool        : HikariPool-1 - Pool stats (total=1, active=0, idle=1, waiting=0)
2021-02-06 14:20:26.949 DEBUG 14576 --- [HikariPool-1 housekeeper] com.zaxxer.hikari.pool.HikariPool        : HikariPool-1 - Fill pool skipped, pool is at sufficient level.
2021-02-06 14:20:52.779 DEBUG 14576 --- [HikariPool-1 connection closer] com.zaxxer.hikari.pool.PoolBase          : HikariPool-1 - Closing connection com.mysql.cj.jdbc.ConnectionImpl@5f45fba0: (connection has passed maxLifetime)
2021-02-06 14:20:52.808 DEBUG 14576 --- [HikariPool-1 connection adder] com.zaxxer.hikari.pool.HikariPool        : HikariPool-1 - Added connection com.mysql.cj.jdbc.ConnectionImpl@4237a3a5
2021-02-06 14:20:56.952 DEBUG 14576 --- [HikariPool-1 housekeeper] com.zaxxer.hikari.pool.HikariPool        : HikariPool-1 - Pool stats (total=1, active=0, idle=1, waiting=0)
2021-02-06 14:20:56.952 DEBUG 14576 --- [HikariPool-1 housekeeper] com.zaxxer.hikari.pool.HikariPool        : HikariPool-1 - Fill pool skipped, pool is at sufficient level.
2021-02-06 14:21:26.958 DEBUG 14576 --- [HikariPool-1 housekeeper] com.zaxxer.hikari.pool.HikariPool        : HikariPool-1 - Pool stats (total=1, active=0, idle=1, waiting=0)
2021-02-06 14:21:26.958 DEBUG 14576 --- [HikariPool-1 housekeeper] com.zaxxer.hikari.pool.HikariPool        : HikariPool-1 - Fill pool skipped, pool is at sufficient level.
2021-02-06 14:21:52.562 DEBUG 14576 --- [HikariPool-1 connection closer] com.zaxxer.hikari.pool.PoolBase          : HikariPool-1 - Closing connection com.mysql.cj.jdbc.ConnectionImpl@4237a3a5: (connection has passed maxLifetime)
2021-02-06 14:21:52.586 DEBUG 14576 --- [HikariPool-1 connection adder] com.zaxxer.hikari.pool.HikariPool        : HikariPool-1 - Added connection com.mysql.cj.jdbc.ConnectionImpl@5759e64b
2021-02-06 14:21:56.973 DEBUG 14576 --- [HikariPool-1 housekeeper] com.zaxxer.hikari.pool.HikariPool        : HikariPool-1 - Pool stats (total=1, active=0, idle=1, waiting=0)
2021-02-06 14:21:56.973 DEBUG 14576 --- [HikariPool-1 housekeeper] com.zaxxer.hikari.pool.HikariPool        : HikariPool-1 - Fill pool skipped, pool is at sufficient level.
2021-02-06 14:22:26.981 DEBUG 14576 --- [HikariPool-1 housekeeper] com.zaxxer.hikari.pool.HikariPool        : HikariPool-1 - Pool stats (total=1, active=0, idle=1, waiting=0)
2021-02-06 14:22:26.981 DEBUG 14576 --- [HikariPool-1 housekeeper] com.zaxxer.hikari.pool.HikariPool        : HikariPool-1 - Fill pool skipped, pool is at sufficient level.
2021-02-06 14:22:51.763 DEBUG 14576 --- [HikariPool-1 connection closer] com.zaxxer.hikari.pool.PoolBase          : HikariPool-1 - Closing connection com.mysql.cj.jdbc.ConnectionImpl@5759e64b: (connection has passed maxLifetime)
2021-02-06 14:22:51.786 DEBUG 14576 --- [HikariPool-1 connection adder] com.zaxxer.hikari.pool.HikariPool        : HikariPool-1 - Added connection com.mysql.cj.jdbc.ConnectionImpl@67f8a065
2021-02-06 14:22:56.987 DEBUG 14576 --- [HikariPool-1 housekeeper] com.zaxxer.hikari.pool.HikariPool        : HikariPool-1 - Pool stats (total=1, active=0, idle=1, waiting=0)
2021-02-06 14:22:56.987 DEBUG 14576 --- [HikariPool-1 housekeeper] com.zaxxer.hikari.pool.HikariPool        : HikariPool-1 - Fill pool skipped, pool is at sufficient level.
2021-02-06 14:23:26.999 DEBUG 14576 --- [HikariPool-1 housekeeper] com.zaxxer.hikari.pool.HikariPool        : HikariPool-1 - Pool stats (total=1, active=0, idle=1, waiting=0)
2021-02-06 14:23:26.999 DEBUG 14576 --- [HikariPool-1 housekeeper] com.zaxxer.hikari.pool.HikariPool        : HikariPool-1 - Fill pool skipped, pool is at sufficient level.
2021-02-06 14:23:51.432 DEBUG 14576 --- [HikariPool-1 connection closer] com.zaxxer.hikari.pool.PoolBase          : HikariPool-1 - Closing connection com.mysql.cj.jdbc.ConnectionImpl@67f8a065: (connection has passed maxLifetime)
2021-02-06 14:23:51.460 DEBUG 14576 --- [HikariPool-1 connection adder] com.zaxxer.hikari.pool.HikariPool        : HikariPool-1 - Added connection com.mysql.cj.jdbc.ConnectionImpl@563514af
2021-02-06 14:23:57.009 DEBUG 14576 --- [HikariPool-1 housekeeper] com.zaxxer.hikari.pool.HikariPool        : HikariPool-1 - Pool stats (total=1, active=0, idle=1, waiting=0)
2021-02-06 14:23:57.009 DEBUG 14576 --- [HikariPool-1 housekeeper] com.zaxxer.hikari.pool.HikariPool        : HikariPool-1 - Fill pool skipped, pool is at sufficient level.
2021-02-06 14:24:27.018 DEBUG 14576 --- [HikariPool-1 housekeeper] com.zaxxer.hikari.pool.HikariPool        : HikariPool-1 - Pool stats (total=1, active=0, idle=1, waiting=0)
2021-02-06 14:24:27.022 DEBUG 14576 --- [HikariPool-1 housekeeper] com.zaxxer.hikari.pool.HikariPool        : HikariPool-1 - Fill pool skipped, pool is at sufficient level.
2021-02-06 14:24:50.143 DEBUG 14576 --- [HikariPool-1 connection closer] com.zaxxer.hikari.pool.PoolBase          : HikariPool-1 - Closing connection com.mysql.cj.jdbc.ConnectionImpl@563514af: (connection has passed maxLifetime)
2021-02-06 14:24:50.167 DEBUG 14576 --- [HikariPool-1 connection adder] com.zaxxer.hikari.pool.HikariPool        : HikariPool-1 - Added connection com.mysql.cj.jdbc.ConnectionImpl@2161732
2021-02-06 14:24:57.034 DEBUG 14576 --- [HikariPool-1 housekeeper] com.zaxxer.hikari.pool.HikariPool        : HikariPool-1 - Pool stats (total=1, active=0, idle=1, waiting=0)
2021-02-06 14:24:57.034 DEBUG 14576 --- [HikariPool-1 housekeeper] com.zaxxer.hikari.pool.HikariPool        : HikariPool-1 - Fill pool skipped, pool is at sufficient level.
2021-02-06 14:25:27.046 DEBUG 14576 --- [HikariPool-1 housekeeper] com.zaxxer.hikari.pool.HikariPool        : HikariPool-1 - Pool stats (total=1, active=0, idle=1, waiting=0)
2021-02-06 14:25:27.046 DEBUG 14576 --- [HikariPool-1 housekeeper] com.zaxxer.hikari.pool.HikariPool        : HikariPool-1 - Fill pool skipped, pool is at sufficient level.
2021-02-06 14:25:32.989 DEBUG 14576 --- [http-nio-8080-exec-8] o.s.web.servlet.DispatcherServlet        : GET "/logout", parameters={}
2021-02-06 14:25:32.989 DEBUG 14576 --- [http-nio-8080-exec-8] s.w.s.m.m.a.RequestMappingHandlerMapping : Mapped to ch.wh.controller.UserController#signout(HttpSession)
2021-02-06 14:25:32.992 DEBUG 14576 --- [http-nio-8080-exec-8] o.s.web.servlet.view.RedirectView        : View name 'redirect:/login', model {}
2021-02-06 14:25:32.992 DEBUG 14576 --- [http-nio-8080-exec-8] o.s.web.servlet.DispatcherServlet        : Completed 302 FOUND
2021-02-06 14:25:33.000 DEBUG 14576 --- [http-nio-8080-exec-9] o.s.web.servlet.DispatcherServlet        : GET "/login", parameters={}
2021-02-06 14:25:33.000 DEBUG 14576 --- [http-nio-8080-exec-9] s.w.s.m.m.a.RequestMappingHandlerMapping : Mapped to ch.wh.controller.UserController#login(HttpSession)
2021-02-06 14:25:33.001 DEBUG 14576 --- [http-nio-8080-exec-9] o.s.w.s.v.ContentNegotiatingViewResolver : Selected 'text/html' given [text/html, application/xhtml+xml, image/avif, image/webp, image/apng, application/xml;q=0.9, application/signed-exchange;v=b3;q=0.9, */*;q=0.8]
2021-02-06 14:25:33.004 DEBUG 14576 --- [http-nio-8080-exec-9] o.s.web.servlet.DispatcherServlet        : Completed 200 OK
2021-02-06 14:25:49.906 DEBUG 14576 --- [HikariPool-1 connection closer] com.zaxxer.hikari.pool.PoolBase          : HikariPool-1 - Closing connection com.mysql.cj.jdbc.ConnectionImpl@2161732: (connection has passed maxLifetime)
2021-02-06 14:25:49.929 DEBUG 14576 --- [HikariPool-1 connection adder] com.zaxxer.hikari.pool.HikariPool        : HikariPool-1 - Added connection com.mysql.cj.jdbc.ConnectionImpl@4765b8a6
2021-02-06 14:25:57.057 DEBUG 14576 --- [HikariPool-1 housekeeper] com.zaxxer.hikari.pool.HikariPool        : HikariPool-1 - Pool stats (total=1, active=0, idle=1, waiting=0)
2021-02-06 14:25:57.057 DEBUG 14576 --- [HikariPool-1 housekeeper] com.zaxxer.hikari.pool.HikariPool        : HikariPool-1 - Fill pool skipped, pool is at sufficient level.
2021-02-06 14:26:27.059 DEBUG 14576 --- [HikariPool-1 housekeeper] com.zaxxer.hikari.pool.HikariPool        : HikariPool-1 - Pool stats (total=1, active=0, idle=1, waiting=0)
2021-02-06 14:26:27.059 DEBUG 14576 --- [HikariPool-1 housekeeper] com.zaxxer.hikari.pool.HikariPool        : HikariPool-1 - Fill pool skipped, pool is at sufficient level.
2021-02-06 14:26:48.517 DEBUG 14576 --- [HikariPool-1 connection closer] com.zaxxer.hikari.pool.PoolBase          : HikariPool-1 - Closing connection com.mysql.cj.jdbc.ConnectionImpl@4765b8a6: (connection has passed maxLifetime)
2021-02-06 14:26:48.543 DEBUG 14576 --- [HikariPool-1 connection adder] com.zaxxer.hikari.pool.HikariPool        : HikariPool-1 - Added connection com.mysql.cj.jdbc.ConnectionImpl@753ebc33
2021-02-06 14:26:57.063 DEBUG 14576 --- [HikariPool-1 housekeeper] com.zaxxer.hikari.pool.HikariPool        : HikariPool-1 - Pool stats (total=1, active=0, idle=1, waiting=0)
2021-02-06 14:26:57.063 DEBUG 14576 --- [HikariPool-1 housekeeper] com.zaxxer.hikari.pool.HikariPool        : HikariPool-1 - Fill pool skipped, pool is at sufficient level.
2021-02-06 14:27:04.385 DEBUG 14576 --- [http-nio-8080-exec-3] o.s.web.servlet.DispatcherServlet        : POST "/login", parameters={masked}
2021-02-06 14:27:04.386 DEBUG 14576 --- [http-nio-8080-exec-3] s.w.s.m.m.a.RequestMappingHandlerMapping : Mapped to ch.wh.controller.UserController#dologin(String, String, HttpSession)
2021-02-06 14:27:04.386 DEBUG 14576 --- [http-nio-8080-exec-3] o.s.jdbc.support.JdbcTransactionManager  : Creating new transaction with name [ch.wh.service.impl.UserServiceImpl.signin]: PROPAGATION_REQUIRED,ISOLATION_DEFAULT,readOnly
2021-02-06 14:27:04.388 DEBUG 14576 --- [http-nio-8080-exec-3] o.s.jdbc.support.JdbcTransactionManager  : Acquired Connection [HikariProxyConnection@1796289134 wrapping com.mysql.cj.jdbc.ConnectionImpl@753ebc33] for JDBC transaction
2021-02-06 14:27:04.388 DEBUG 14576 --- [http-nio-8080-exec-3] o.s.jdbc.datasource.DataSourceUtils      : Setting JDBC Connection [HikariProxyConnection@1796289134 wrapping com.mysql.cj.jdbc.ConnectionImpl@753ebc33] read-only
2021-02-06 14:27:04.388 DEBUG 14576 --- [http-nio-8080-exec-3] org.mybatis.spring.SqlSessionUtils       : Creating a new SqlSession
2021-02-06 14:27:04.388 DEBUG 14576 --- [http-nio-8080-exec-3] org.mybatis.spring.SqlSessionUtils       : Registering transaction synchronization for SqlSession [org.apache.ibatis.session.defaults.DefaultSqlSession@65d6c17c]
2021-02-06 14:27:04.389 DEBUG 14576 --- [http-nio-8080-exec-3] o.m.s.t.SpringManagedTransaction         : JDBC Connection [HikariProxyConnection@1796289134 wrapping com.mysql.cj.jdbc.ConnectionImpl@753ebc33] will be managed by Spring
2021-02-06 14:27:04.389 DEBUG 14576 --- [http-nio-8080-exec-3] ch.wh.dao.UserMapper.query               : ==>  Preparing: SELECT * FROM user.user WHERE email = ?; 
2021-02-06 14:27:04.389 DEBUG 14576 --- [http-nio-8080-exec-3] ch.wh.dao.UserMapper.query               : ==> Parameters: daa@qq.com(String)
2021-02-06 14:27:04.390 DEBUG 14576 --- [http-nio-8080-exec-3] ch.wh.dao.UserMapper.query               : <==      Total: 1
2021-02-06 14:27:04.390 DEBUG 14576 --- [http-nio-8080-exec-3] org.mybatis.spring.SqlSessionUtils       : Releasing transactional SqlSession [org.apache.ibatis.session.defaults.DefaultSqlSession@65d6c17c]
2021-02-06 14:27:04.391 DEBUG 14576 --- [http-nio-8080-exec-3] org.mybatis.spring.SqlSessionUtils       : Transaction synchronization committing SqlSession [org.apache.ibatis.session.defaults.DefaultSqlSession@65d6c17c]
2021-02-06 14:27:04.391 DEBUG 14576 --- [http-nio-8080-exec-3] org.mybatis.spring.SqlSessionUtils       : Transaction synchronization deregistering SqlSession [org.apache.ibatis.session.defaults.DefaultSqlSession@65d6c17c]
2021-02-06 14:27:04.391 DEBUG 14576 --- [http-nio-8080-exec-3] org.mybatis.spring.SqlSessionUtils       : Transaction synchronization closing SqlSession [org.apache.ibatis.session.defaults.DefaultSqlSession@65d6c17c]
2021-02-06 14:27:04.391 DEBUG 14576 --- [http-nio-8080-exec-3] o.s.jdbc.support.JdbcTransactionManager  : Initiating transaction commit
2021-02-06 14:27:04.391 DEBUG 14576 --- [http-nio-8080-exec-3] o.s.jdbc.support.JdbcTransactionManager  : Committing JDBC transaction on Connection [HikariProxyConnection@1796289134 wrapping com.mysql.cj.jdbc.ConnectionImpl@753ebc33]
2021-02-06 14:27:04.391 DEBUG 14576 --- [http-nio-8080-exec-3] o.s.jdbc.datasource.DataSourceUtils      : Resetting read-only flag of JDBC Connection [HikariProxyConnection@1796289134 wrapping com.mysql.cj.jdbc.ConnectionImpl@753ebc33]
2021-02-06 14:27:04.392 DEBUG 14576 --- [http-nio-8080-exec-3] o.s.jdbc.support.JdbcTransactionManager  : Releasing JDBC Connection [HikariProxyConnection@1796289134 wrapping com.mysql.cj.jdbc.ConnectionImpl@753ebc33] after transaction
2021-02-06 14:27:04.392 DEBUG 14576 --- [http-nio-8080-exec-3] o.s.web.servlet.view.RedirectView        : View name 'redirect:/', model {}
2021-02-06 14:27:04.393 DEBUG 14576 --- [http-nio-8080-exec-3] o.s.web.servlet.DispatcherServlet        : Completed 302 FOUND
2021-02-06 14:27:04.404 DEBUG 14576 --- [http-nio-8080-exec-2] o.s.web.servlet.DispatcherServlet        : GET "/", parameters={}
2021-02-06 14:27:04.404 DEBUG 14576 --- [http-nio-8080-exec-2] s.w.s.m.m.a.RequestMappingHandlerMapping : Mapped to ch.wh.controller.index#index()
2021-02-06 14:27:04.405 DEBUG 14576 --- [http-nio-8080-exec-2] o.s.w.s.v.ContentNegotiatingViewResolver : Selected 'text/html' given [text/html, application/xhtml+xml, image/avif, image/webp, image/apng, application/xml;q=0.9, application/signed-exchange;v=b3;q=0.9, */*;q=0.8]
2021-02-06 14:27:04.424 DEBUG 14576 --- [http-nio-8080-exec-2] o.s.web.servlet.DispatcherServlet        : Completed 200 OK
2021-02-06 14:27:27.068 DEBUG 14576 --- [HikariPool-1 housekeeper] com.zaxxer.hikari.pool.HikariPool        : HikariPool-1 - Pool stats (total=1, active=0, idle=1, waiting=0)
2021-02-06 14:27:27.068 DEBUG 14576 --- [HikariPool-1 housekeeper] com.zaxxer.hikari.pool.HikariPool        : HikariPool-1 - Fill pool skipped, pool is at sufficient level.
2021-02-06 14:27:47.913 DEBUG 14576 --- [HikariPool-1 connection closer] com.zaxxer.hikari.pool.PoolBase          : HikariPool-1 - Closing connection com.mysql.cj.jdbc.ConnectionImpl@753ebc33: (connection has passed maxLifetime)
2021-02-06 14:27:47.939 DEBUG 14576 --- [HikariPool-1 connection adder] com.zaxxer.hikari.pool.HikariPool        : HikariPool-1 - Added connection com.mysql.cj.jdbc.ConnectionImpl@4fe5917f
2021-02-06 14:27:57.079 DEBUG 14576 --- [HikariPool-1 housekeeper] com.zaxxer.hikari.pool.HikariPool        : HikariPool-1 - Pool stats (total=1, active=0, idle=1, waiting=0)
2021-02-06 14:27:57.079 DEBUG 14576 --- [HikariPool-1 housekeeper] com.zaxxer.hikari.pool.HikariPool        : HikariPool-1 - Fill pool skipped, pool is at sufficient level.
2021-02-06 14:28:27.081 DEBUG 14576 --- [HikariPool-1 housekeeper] com.zaxxer.hikari.pool.HikariPool        : HikariPool-1 - Pool stats (total=1, active=0, idle=1, waiting=0)
2021-02-06 14:28:27.081 DEBUG 14576 --- [HikariPool-1 housekeeper] com.zaxxer.hikari.pool.HikariPool        : HikariPool-1 - Fill pool skipped, pool is at sufficient level.
2021-02-06 14:28:47.274 DEBUG 14576 --- [HikariPool-1 connection closer] com.zaxxer.hikari.pool.PoolBase          : HikariPool-1 - Closing connection com.mysql.cj.jdbc.ConnectionImpl@4fe5917f: (connection has passed maxLifetime)
2021-02-06 14:28:47.301 DEBUG 14576 --- [HikariPool-1 connection adder] com.zaxxer.hikari.pool.HikariPool        : HikariPool-1 - Added connection com.mysql.cj.jdbc.ConnectionImpl@25a7aa29
2021-02-06 14:28:57.095 DEBUG 14576 --- [HikariPool-1 housekeeper] com.zaxxer.hikari.pool.HikariPool        : HikariPool-1 - Pool stats (total=1, active=0, idle=1, waiting=0)
2021-02-06 14:28:57.095 DEBUG 14576 --- [HikariPool-1 housekeeper] com.zaxxer.hikari.pool.HikariPool        : HikariPool-1 - Fill pool skipped, pool is at sufficient level.
2021-02-06 14:29:27.106 DEBUG 14576 --- [HikariPool-1 housekeeper] com.zaxxer.hikari.pool.HikariPool        : HikariPool-1 - Pool stats (total=1, active=0, idle=1, waiting=0)
2021-02-06 14:29:27.106 DEBUG 14576 --- [HikariPool-1 housekeeper] com.zaxxer.hikari.pool.HikariPool        : HikariPool-1 - Fill pool skipped, pool is at sufficient level.
2021-02-06 14:29:45.820 DEBUG 14576 --- [HikariPool-1 connection closer] com.zaxxer.hikari.pool.PoolBase          : HikariPool-1 - Closing connection com.mysql.cj.jdbc.ConnectionImpl@25a7aa29: (connection has passed maxLifetime)
2021-02-06 14:29:45.843 DEBUG 14576 --- [HikariPool-1 connection adder] com.zaxxer.hikari.pool.HikariPool        : HikariPool-1 - Added connection com.mysql.cj.jdbc.ConnectionImpl@25c8b510
2021-02-06 14:29:57.121 DEBUG 14576 --- [HikariPool-1 housekeeper] com.zaxxer.hikari.pool.HikariPool        : HikariPool-1 - Pool stats (total=1, active=0, idle=1, waiting=0)
2021-02-06 14:29:57.121 DEBUG 14576 --- [HikariPool-1 housekeeper] com.zaxxer.hikari.pool.HikariPool        : HikariPool-1 - Fill pool skipped, pool is at sufficient level.
2021-02-06 14:30:27.132 DEBUG 14576 --- [HikariPool-1 housekeeper] com.zaxxer.hikari.pool.HikariPool        : HikariPool-1 - Pool stats (total=1, active=0, idle=1, waiting=0)
2021-02-06 14:30:27.132 DEBUG 14576 --- [HikariPool-1 housekeeper] com.zaxxer.hikari.pool.HikariPool        : HikariPool-1 - Fill pool skipped, pool is at sufficient level.
